<?xml version="1.0" encoding="UTF-8"?>
<!-- Generated by org.testng.reporters.JUnitXMLReporter -->
<testsuite ignored="8" hostname="Gagan" failures="0" tests="5" name="Test" time="110.699" errors="0" timestamp="18 Jun 2024 12:27:46 GMT">
  <testcase classname="com.flexngate.erp.createthirdpartytest.CreateProposalTest" name="createProposalWithSourceTest" time="14.612"/>
  <testcase classname="com.flexngate.erp.createthirdpartytest.CreateThirdParty_ProspectTest" name="createNewThirdPartyAsProspectTest" time="9.505"/>
  <testcase classname="com.flexngate.erp.createthirdpartytest.CreateProspectTest" name="createNewProspectTest" time="4.91"/>
  <testcase classname="com.flexngate.erp.createthirdpartytest.CreateThirdParty_AllInputsTest" name="createNewThirdPartyWithValidInputsTest" time="4.911"/>
  <testcase classname="com.flexngate.erp.createthirdpartytest.CreateThirdParty_CustomerTest" name="createNewThirdPartyAsCustomerTest" time="9.189"/>
  <testcase classname="com.comcast.crm.generic.basetest.BaseClass" name="@BeforeSuite configBS" time="0.0">
    <ignored/>
  </testcase> <!-- @BeforeSuite configBS -->
  <testcase classname="com.comcast.crm.generic.basetest.BaseClass" name="@BeforeSuite configBS" time="0.0">
    <ignored/>
  </testcase> <!-- @BeforeSuite configBS -->
  <testcase classname="com.comcast.crm.generic.basetest.BaseClass" name="@BeforeSuite configBS" time="0.0">
    <ignored/>
  </testcase> <!-- @BeforeSuite configBS -->
  <testcase classname="com.comcast.crm.generic.basetest.BaseClass" name="@BeforeSuite configBS" time="0.0">
    <ignored/>
  </testcase> <!-- @BeforeSuite configBS -->
  <testcase classname="com.comcast.crm.generic.basetest.BaseClass" name="@AfterSuite configAS" time="0.0">
    <ignored/>
  </testcase> <!-- @AfterSuite configAS -->
  <testcase classname="com.comcast.crm.generic.basetest.BaseClass" name="@AfterSuite configAS" time="0.0">
    <ignored/>
  </testcase> <!-- @AfterSuite configAS -->
  <testcase classname="com.comcast.crm.generic.basetest.BaseClass" name="@AfterSuite configAS" time="0.0">
    <ignored/>
  </testcase> <!-- @AfterSuite configAS -->
  <testcase classname="com.comcast.crm.generic.basetest.BaseClass" name="@AfterSuite configAS" time="0.0">
    <ignored/>
  </testcase> <!-- @AfterSuite configAS -->
</testsuite> <!-- Test -->
